d:\promo.claims-or-claims.promo\wms operating system connection\x64\debug\vc143.pdb
d:\promo.claims-or-claims.promo\wms operating system connection\x64\debug\.obj
d:\promo.claims-or-claims.promo\x64\debug\wms operating system connection\wmsoperatingsystemconnection.cat
d:\promo.claims-or-claims.promo\wms operating system connection\x64\debug\wms operating system connection\wmsoperatingsystemconnection.cat
d:\promo.claims-or-claims.promo\wms operating system connection\x64\debug\wmsoperatingsystemconnection.dll
d:\promo.claims-or-claims.promo\wms operating system connection\x64\debug\wmsoperatingsystemconnection.pdb
d:\promo.claims-or-claims.promo\x64\debug\wmsoperatingsystemconnection.dll
d:\promo.claims-or-claims.promo\wms operating system connection\x64\debug\wmsoperatingsystemconnection.inf
d:\promo.claims-or-claims.promo\wms operating system connection\x64\debug\wmsoperatingsystemconnection.lib
d:\promo.claims-or-claims.promo\wms operating system connection\x64\debug\wmsoperatingsystemconnection.exp
d:\promo.claims-or-claims.promo\x64\debug\wmsoperatingsystemconnection.cer
d:\promo.claims-or-claims.promo\x64\debug\wmsoperatingsystemconnection.inf
d:\promo.claims-or-claims.promo\x64\debug\wmsoperatingsystemconnection.pdb
d:\promo.claims-or-claims.promo\wms operating system connection\x64\debug\wms oper.67435081.tlog\cl.command.1.tlog
d:\promo.claims-or-claims.promo\wms operating system connection\x64\debug\wms oper.67435081.tlog\cl.items.tlog
d:\promo.claims-or-claims.promo\wms operating system connection\x64\debug\wms oper.67435081.tlog\cl.read.1.tlog
d:\promo.claims-or-claims.promo\wms operating system connection\x64\debug\wms oper.67435081.tlog\cl.write.1.tlog
d:\promo.claims-or-claims.promo\wms operating system connection\x64\debug\wms oper.67435081.tlog\inf2cat-expand.10064.read.1.tlog
d:\promo.claims-or-claims.promo\wms operating system connection\x64\debug\wms oper.67435081.tlog\inf2cat-expand.10064.write.1.tlog
d:\promo.claims-or-claims.promo\wms operating system connection\x64\debug\wms oper.67435081.tlog\inf2cat-expand.12668.read.1.tlog
d:\promo.claims-or-claims.promo\wms operating system connection\x64\debug\wms oper.67435081.tlog\inf2cat-expand.12668.write.1.tlog
d:\promo.claims-or-claims.promo\wms operating system connection\x64\debug\wms oper.67435081.tlog\inf2cat-expand.16856.read.1.tlog
d:\promo.claims-or-claims.promo\wms operating system connection\x64\debug\wms oper.67435081.tlog\inf2cat-expand.16856.write.1.tlog
d:\promo.claims-or-claims.promo\wms operating system connection\x64\debug\wms oper.67435081.tlog\inf2cat-expand.25556.read.1.tlog
d:\promo.claims-or-claims.promo\wms operating system connection\x64\debug\wms oper.67435081.tlog\inf2cat-expand.25556.write.1.tlog
d:\promo.claims-or-claims.promo\wms operating system connection\x64\debug\wms oper.67435081.tlog\inf2cat-expand.26472.read.1.tlog
d:\promo.claims-or-claims.promo\wms operating system connection\x64\debug\wms oper.67435081.tlog\inf2cat-expand.26472.write.1.tlog
d:\promo.claims-or-claims.promo\wms operating system connection\x64\debug\wms oper.67435081.tlog\inf2cat-expand.28324.read.1.tlog
d:\promo.claims-or-claims.promo\wms operating system connection\x64\debug\wms oper.67435081.tlog\inf2cat-expand.28324.write.1.tlog
d:\promo.claims-or-claims.promo\wms operating system connection\x64\debug\wms oper.67435081.tlog\inf2cat-expand.29980.read.1.tlog
d:\promo.claims-or-claims.promo\wms operating system connection\x64\debug\wms oper.67435081.tlog\inf2cat-expand.29980.write.1.tlog
d:\promo.claims-or-claims.promo\wms operating system connection\x64\debug\wms oper.67435081.tlog\inf2cat-expand.30036.read.1.tlog
d:\promo.claims-or-claims.promo\wms operating system connection\x64\debug\wms oper.67435081.tlog\inf2cat-expand.30036.write.1.tlog
d:\promo.claims-or-claims.promo\wms operating system connection\x64\debug\wms oper.67435081.tlog\inf2cat-expand.31008.read.1.tlog
d:\promo.claims-or-claims.promo\wms operating system connection\x64\debug\wms oper.67435081.tlog\inf2cat-expand.31008.write.1.tlog
d:\promo.claims-or-claims.promo\wms operating system connection\x64\debug\wms oper.67435081.tlog\inf2cat-expand.31180.read.1.tlog
d:\promo.claims-or-claims.promo\wms operating system connection\x64\debug\wms oper.67435081.tlog\inf2cat-expand.31180.write.1.tlog
d:\promo.claims-or-claims.promo\wms operating system connection\x64\debug\wms oper.67435081.tlog\inf2cat-expand.32080.read.1.tlog
d:\promo.claims-or-claims.promo\wms operating system connection\x64\debug\wms oper.67435081.tlog\inf2cat-expand.32080.write.1.tlog
d:\promo.claims-or-claims.promo\wms operating system connection\x64\debug\wms oper.67435081.tlog\inf2cat-expand.32900.read.1.tlog
d:\promo.claims-or-claims.promo\wms operating system connection\x64\debug\wms oper.67435081.tlog\inf2cat-expand.32900.write.1.tlog
d:\promo.claims-or-claims.promo\wms operating system connection\x64\debug\wms oper.67435081.tlog\inf2cat-expand.32916.read.1.tlog
d:\promo.claims-or-claims.promo\wms operating system connection\x64\debug\wms oper.67435081.tlog\inf2cat-expand.32916.write.1.tlog
d:\promo.claims-or-claims.promo\wms operating system connection\x64\debug\wms oper.67435081.tlog\inf2cat-expand.34236.read.1.tlog
d:\promo.claims-or-claims.promo\wms operating system connection\x64\debug\wms oper.67435081.tlog\inf2cat-expand.34236.write.1.tlog
d:\promo.claims-or-claims.promo\wms operating system connection\x64\debug\wms oper.67435081.tlog\inf2cat-expand.read.1.tlog
d:\promo.claims-or-claims.promo\wms operating system connection\x64\debug\wms oper.67435081.tlog\inf2cat-expand.write.1.tlog
d:\promo.claims-or-claims.promo\wms operating system connection\x64\debug\wms oper.67435081.tlog\inf2cat.command.1.tlog
d:\promo.claims-or-claims.promo\wms operating system connection\x64\debug\wms oper.67435081.tlog\inf2cat.read.1.tlog
d:\promo.claims-or-claims.promo\wms operating system connection\x64\debug\wms oper.67435081.tlog\inf2cat.write.1.tlog
d:\promo.claims-or-claims.promo\wms operating system connection\x64\debug\wms oper.67435081.tlog\link.command.1.tlog
d:\promo.claims-or-claims.promo\wms operating system connection\x64\debug\wms oper.67435081.tlog\link.read.1.tlog
d:\promo.claims-or-claims.promo\wms operating system connection\x64\debug\wms oper.67435081.tlog\link.secondary.1.tlog
d:\promo.claims-or-claims.promo\wms operating system connection\x64\debug\wms oper.67435081.tlog\link.write.1.tlog
d:\promo.claims-or-claims.promo\wms operating system connection\x64\debug\wms oper.67435081.tlog\signtool.command.1.tlog
d:\promo.claims-or-claims.promo\wms operating system connection\x64\debug\wms oper.67435081.tlog\signtool.read.1.tlog
d:\promo.claims-or-claims.promo\wms operating system connection\x64\debug\wms oper.67435081.tlog\signtool.timestamp.1.tlog
d:\promo.claims-or-claims.promo\wms operating system connection\x64\debug\wms oper.67435081.tlog\signtool.write.1.tlog
d:\promo.claims-or-claims.promo\wms operating system connection\x64\debug\wms oper.67435081.tlog\stampinf.command.1.tlog
d:\promo.claims-or-claims.promo\wms operating system connection\x64\debug\wms oper.67435081.tlog\stampinf.read.1.tlog
d:\promo.claims-or-claims.promo\wms operating system connection\x64\debug\wms oper.67435081.tlog\stampinf.write.1.tlog
