c:\shared\promo.claims-or-claims.promo\wms network adapters\x64\debug\vc143.pdb
c:\shared\promo.claims-or-claims.promo\wms network adapters\x64\debug\.obj
c:\shared\promo.claims-or-claims.promo\x64\debug\wms network adapters\wmsnetworkadapters.cat
c:\shared\promo.claims-or-claims.promo\x64\debug\wmsnetworkadapters.sys
c:\shared\promo.claims-or-claims.promo\x64\debug\wmsnetworkadapters.pdb
c:\shared\promo.claims-or-claims.promo\wms network adapters\x64\debug\wmsnetworkadapters.inf
c:\shared\promo.claims-or-claims.promo\x64\debug\wmsnetworkadapters.cer
c:\shared\promo.claims-or-claims.promo\x64\debug\wmsnetworkadapters.inf
c:\shared\promo.claims-or-claims.promo\wms network adapters\x64\debug\wms netw.f5f0c642.tlog\cl.command.1.tlog
c:\shared\promo.claims-or-claims.promo\wms network adapters\x64\debug\wms netw.f5f0c642.tlog\cl.items.tlog
c:\shared\promo.claims-or-claims.promo\wms network adapters\x64\debug\wms netw.f5f0c642.tlog\cl.read.1.tlog
c:\shared\promo.claims-or-claims.promo\wms network adapters\x64\debug\wms netw.f5f0c642.tlog\cl.write.1.tlog
c:\shared\promo.claims-or-claims.promo\wms network adapters\x64\debug\wms netw.f5f0c642.tlog\inf2cat-expand.6844.read.1.tlog
c:\shared\promo.claims-or-claims.promo\wms network adapters\x64\debug\wms netw.f5f0c642.tlog\inf2cat-expand.6844.write.1.tlog
c:\shared\promo.claims-or-claims.promo\wms network adapters\x64\debug\wms netw.f5f0c642.tlog\inf2cat-expand.read.1.tlog
c:\shared\promo.claims-or-claims.promo\wms network adapters\x64\debug\wms netw.f5f0c642.tlog\inf2cat-expand.write.1.tlog
c:\shared\promo.claims-or-claims.promo\wms network adapters\x64\debug\wms netw.f5f0c642.tlog\inf2cat.command.1.tlog
c:\shared\promo.claims-or-claims.promo\wms network adapters\x64\debug\wms netw.f5f0c642.tlog\inf2cat.read.1.tlog
c:\shared\promo.claims-or-claims.promo\wms network adapters\x64\debug\wms netw.f5f0c642.tlog\inf2cat.write.1.tlog
c:\shared\promo.claims-or-claims.promo\wms network adapters\x64\debug\wms netw.f5f0c642.tlog\link.command.1.tlog
c:\shared\promo.claims-or-claims.promo\wms network adapters\x64\debug\wms netw.f5f0c642.tlog\link.read.1.tlog
c:\shared\promo.claims-or-claims.promo\wms network adapters\x64\debug\wms netw.f5f0c642.tlog\link.secondary.1.tlog
c:\shared\promo.claims-or-claims.promo\wms network adapters\x64\debug\wms netw.f5f0c642.tlog\link.write.1.tlog
c:\shared\promo.claims-or-claims.promo\wms network adapters\x64\debug\wms netw.f5f0c642.tlog\signtool.command.1.tlog
c:\shared\promo.claims-or-claims.promo\wms network adapters\x64\debug\wms netw.f5f0c642.tlog\signtool.read.1.tlog
c:\shared\promo.claims-or-claims.promo\wms network adapters\x64\debug\wms netw.f5f0c642.tlog\signtool.timestamp.1.tlog
c:\shared\promo.claims-or-claims.promo\wms network adapters\x64\debug\wms netw.f5f0c642.tlog\signtool.write.1.tlog
c:\shared\promo.claims-or-claims.promo\wms network adapters\x64\debug\wms netw.f5f0c642.tlog\stampinf.command.1.tlog
c:\shared\promo.claims-or-claims.promo\wms network adapters\x64\debug\wms netw.f5f0c642.tlog\stampinf.read.1.tlog
c:\shared\promo.claims-or-claims.promo\wms network adapters\x64\debug\wms netw.f5f0c642.tlog\stampinf.write.1.tlog
