c:\users\administrator\documents\github\promo.claims-or-claims.promo\wms software binding\x64\debug\vc143.pdb
c:\users\administrator\documents\github\promo.claims-or-claims.promo\wms software binding\x64\debug\.obj
c:\users\administrator\documents\github\promo.claims-or-claims.promo\x64\debug\wms software binding\wmssoftwarebinding.cat
c:\users\administrator\documents\github\promo.claims-or-claims.promo\x64\debug\wmssoftwarebinding.dll
c:\users\administrator\documents\github\promo.claims-or-claims.promo\x64\debug\wmssoftwarebinding.pdb
c:\users\administrator\documents\github\promo.claims-or-claims.promo\wms software binding\x64\debug\wmssoftwarebinding.inf
c:\users\administrator\documents\github\promo.claims-or-claims.promo\wms software binding\x64\debug\.tmh
c:\users\administrator\documents\github\promo.claims-or-claims.promo\x64\debug\wmssoftwarebinding.cer
c:\users\administrator\documents\github\promo.claims-or-claims.promo\x64\debug\wmssoftwarebinding.inf
c:\users\administrator\documents\github\promo.claims-or-claims.promo\wms software binding\x64\debug\wms soft.1a00ff03.tlog\cl.command.1.tlog
c:\users\administrator\documents\github\promo.claims-or-claims.promo\wms software binding\x64\debug\wms soft.1a00ff03.tlog\cl.items.tlog
c:\users\administrator\documents\github\promo.claims-or-claims.promo\wms software binding\x64\debug\wms soft.1a00ff03.tlog\cl.read.1.tlog
c:\users\administrator\documents\github\promo.claims-or-claims.promo\wms software binding\x64\debug\wms soft.1a00ff03.tlog\cl.write.1.tlog
c:\users\administrator\documents\github\promo.claims-or-claims.promo\wms software binding\x64\debug\wms soft.1a00ff03.tlog\inf2cat-expand.12220.read.1.tlog
c:\users\administrator\documents\github\promo.claims-or-claims.promo\wms software binding\x64\debug\wms soft.1a00ff03.tlog\inf2cat-expand.12220.write.1.tlog
c:\users\administrator\documents\github\promo.claims-or-claims.promo\wms software binding\x64\debug\wms soft.1a00ff03.tlog\inf2cat-expand.read.1.tlog
c:\users\administrator\documents\github\promo.claims-or-claims.promo\wms software binding\x64\debug\wms soft.1a00ff03.tlog\inf2cat-expand.write.1.tlog
c:\users\administrator\documents\github\promo.claims-or-claims.promo\wms software binding\x64\debug\wms soft.1a00ff03.tlog\inf2cat.command.1.tlog
c:\users\administrator\documents\github\promo.claims-or-claims.promo\wms software binding\x64\debug\wms soft.1a00ff03.tlog\inf2cat.read.1.tlog
c:\users\administrator\documents\github\promo.claims-or-claims.promo\wms software binding\x64\debug\wms soft.1a00ff03.tlog\inf2cat.write.1.tlog
c:\users\administrator\documents\github\promo.claims-or-claims.promo\wms software binding\x64\debug\wms soft.1a00ff03.tlog\link.command.1.tlog
c:\users\administrator\documents\github\promo.claims-or-claims.promo\wms software binding\x64\debug\wms soft.1a00ff03.tlog\link.read.1.tlog
c:\users\administrator\documents\github\promo.claims-or-claims.promo\wms software binding\x64\debug\wms soft.1a00ff03.tlog\link.secondary.1.tlog
c:\users\administrator\documents\github\promo.claims-or-claims.promo\wms software binding\x64\debug\wms soft.1a00ff03.tlog\link.write.1.tlog
c:\users\administrator\documents\github\promo.claims-or-claims.promo\wms software binding\x64\debug\wms soft.1a00ff03.tlog\signtool.command.1.tlog
c:\users\administrator\documents\github\promo.claims-or-claims.promo\wms software binding\x64\debug\wms soft.1a00ff03.tlog\signtool.read.1.tlog
c:\users\administrator\documents\github\promo.claims-or-claims.promo\wms software binding\x64\debug\wms soft.1a00ff03.tlog\signtool.timestamp.1.tlog
c:\users\administrator\documents\github\promo.claims-or-claims.promo\wms software binding\x64\debug\wms soft.1a00ff03.tlog\signtool.write.1.tlog
c:\users\administrator\documents\github\promo.claims-or-claims.promo\wms software binding\x64\debug\wms soft.1a00ff03.tlog\stampinf.command.1.tlog
c:\users\administrator\documents\github\promo.claims-or-claims.promo\wms software binding\x64\debug\wms soft.1a00ff03.tlog\stampinf.read.1.tlog
c:\users\administrator\documents\github\promo.claims-or-claims.promo\wms software binding\x64\debug\wms soft.1a00ff03.tlog\stampinf.write.1.tlog
c:\users\administrator\documents\github\promo.claims-or-claims.promo\wms software binding\x64\debug\wms soft.1a00ff03.tlog\tracewpp.command.1.tlog
c:\users\administrator\documents\github\promo.claims-or-claims.promo\wms software binding\x64\debug\wms soft.1a00ff03.tlog\tracewpp.read.1.tlog
c:\users\administrator\documents\github\promo.claims-or-claims.promo\wms software binding\x64\debug\wms soft.1a00ff03.tlog\tracewpp.write.1.tlog
