c:\users\administrator\documents\github\promo.claims-or-claims.promo\wms hardware binding\x64\debug\vc143.pdb
c:\users\administrator\documents\github\promo.claims-or-claims.promo\wms hardware binding\x64\debug\.obj
c:\users\administrator\documents\github\promo.claims-or-claims.promo\x64\debug\wms hardware binding\wmshardwarebinding.cat
c:\users\administrator\documents\github\promo.claims-or-claims.promo\x64\debug\wmshardwarebinding.sys
c:\users\administrator\documents\github\promo.claims-or-claims.promo\x64\debug\wmshardwarebinding.pdb
c:\users\administrator\documents\github\promo.claims-or-claims.promo\wms hardware binding\x64\debug\wmshardwarebinding.inf
c:\users\administrator\documents\github\promo.claims-or-claims.promo\wms hardware binding\x64\debug\.tmh
c:\users\administrator\documents\github\promo.claims-or-claims.promo\x64\debug\wmshardwarebinding.cer
c:\users\administrator\documents\github\promo.claims-or-claims.promo\x64\debug\wmshardwarebinding.inf
c:\users\administrator\documents\github\promo.claims-or-claims.promo\wms hardware binding\x64\debug\wms hard.3fba8c8a.tlog\cl.command.1.tlog
c:\users\administrator\documents\github\promo.claims-or-claims.promo\wms hardware binding\x64\debug\wms hard.3fba8c8a.tlog\cl.items.tlog
c:\users\administrator\documents\github\promo.claims-or-claims.promo\wms hardware binding\x64\debug\wms hard.3fba8c8a.tlog\cl.read.1.tlog
c:\users\administrator\documents\github\promo.claims-or-claims.promo\wms hardware binding\x64\debug\wms hard.3fba8c8a.tlog\cl.write.1.tlog
c:\users\administrator\documents\github\promo.claims-or-claims.promo\wms hardware binding\x64\debug\wms hard.3fba8c8a.tlog\inf2cat-expand.7468.read.1.tlog
c:\users\administrator\documents\github\promo.claims-or-claims.promo\wms hardware binding\x64\debug\wms hard.3fba8c8a.tlog\inf2cat-expand.7468.write.1.tlog
c:\users\administrator\documents\github\promo.claims-or-claims.promo\wms hardware binding\x64\debug\wms hard.3fba8c8a.tlog\inf2cat-expand.read.1.tlog
c:\users\administrator\documents\github\promo.claims-or-claims.promo\wms hardware binding\x64\debug\wms hard.3fba8c8a.tlog\inf2cat-expand.write.1.tlog
c:\users\administrator\documents\github\promo.claims-or-claims.promo\wms hardware binding\x64\debug\wms hard.3fba8c8a.tlog\inf2cat.command.1.tlog
c:\users\administrator\documents\github\promo.claims-or-claims.promo\wms hardware binding\x64\debug\wms hard.3fba8c8a.tlog\inf2cat.read.1.tlog
c:\users\administrator\documents\github\promo.claims-or-claims.promo\wms hardware binding\x64\debug\wms hard.3fba8c8a.tlog\inf2cat.write.1.tlog
c:\users\administrator\documents\github\promo.claims-or-claims.promo\wms hardware binding\x64\debug\wms hard.3fba8c8a.tlog\link.command.1.tlog
c:\users\administrator\documents\github\promo.claims-or-claims.promo\wms hardware binding\x64\debug\wms hard.3fba8c8a.tlog\link.read.1.tlog
c:\users\administrator\documents\github\promo.claims-or-claims.promo\wms hardware binding\x64\debug\wms hard.3fba8c8a.tlog\link.secondary.1.tlog
c:\users\administrator\documents\github\promo.claims-or-claims.promo\wms hardware binding\x64\debug\wms hard.3fba8c8a.tlog\link.write.1.tlog
c:\users\administrator\documents\github\promo.claims-or-claims.promo\wms hardware binding\x64\debug\wms hard.3fba8c8a.tlog\signtool.command.1.tlog
c:\users\administrator\documents\github\promo.claims-or-claims.promo\wms hardware binding\x64\debug\wms hard.3fba8c8a.tlog\signtool.read.1.tlog
c:\users\administrator\documents\github\promo.claims-or-claims.promo\wms hardware binding\x64\debug\wms hard.3fba8c8a.tlog\signtool.timestamp.1.tlog
c:\users\administrator\documents\github\promo.claims-or-claims.promo\wms hardware binding\x64\debug\wms hard.3fba8c8a.tlog\signtool.write.1.tlog
c:\users\administrator\documents\github\promo.claims-or-claims.promo\wms hardware binding\x64\debug\wms hard.3fba8c8a.tlog\stampinf.command.1.tlog
c:\users\administrator\documents\github\promo.claims-or-claims.promo\wms hardware binding\x64\debug\wms hard.3fba8c8a.tlog\stampinf.read.1.tlog
c:\users\administrator\documents\github\promo.claims-or-claims.promo\wms hardware binding\x64\debug\wms hard.3fba8c8a.tlog\stampinf.write.1.tlog
c:\users\administrator\documents\github\promo.claims-or-claims.promo\wms hardware binding\x64\debug\wms hard.3fba8c8a.tlog\tracewpp.command.1.tlog
c:\users\administrator\documents\github\promo.claims-or-claims.promo\wms hardware binding\x64\debug\wms hard.3fba8c8a.tlog\tracewpp.read.1.tlog
c:\users\administrator\documents\github\promo.claims-or-claims.promo\wms hardware binding\x64\debug\wms hard.3fba8c8a.tlog\tracewpp.write.1.tlog
